<?xml version="1.0" encoding="UTF-8"?>
<!-- Generated by org.testng.reporters.JUnitReportReporter -->
<testsuite hostname="NIS-PC091" name="TestCialfoNew.CoachesTest" tests="1" failures="0" timestamp="3 May 2017 07:11:16 GMT" time="1.565" errors="0">
  <testcase name="checkSwimmerAddedOrnot" time="1.565" classname="TestCialfoNew.CoachesTest"/>
</testsuite> <!-- TestCialfoNew.CoachesTest -->
