<?xml version="1.0" encoding="UTF-8"?>
<!-- Generated by org.testng.reporters.JUnitReportReporter -->
<testsuite hostname="NIS-PC093" name="TestCialfoNew.SwimmersTest" tests="2" failures="0" timestamp="1 Dec 2017 07:44:48 GMT" time="7.947" errors="0">
  <testcase name="addSwimmer" time="5.617" classname="TestCialfoNew.SwimmersTest"/>
  <testcase name="verifySwimmerInUnassignedList" time="2.330" classname="TestCialfoNew.SwimmersTest"/>
</testsuite> <!-- TestCialfoNew.SwimmersTest -->
