<?xml version="1.0" encoding="UTF-8"?>
<!-- Generated by org.testng.reporters.JUnitReportReporter -->
<testsuite hostname="NIS-PC091" name="TestCialfoNew.ChangePasswordTest" tests="4" failures="0" timestamp="27 Apr 2017 05:42:23 GMT" time="4.794" errors="0">
  <testcase name="verigyLoginWithNewPassword" time="0.992" classname="TestCialfoNew.ChangePasswordTest"/>
  <testcase name="newandConfirmPasswordvaldiation" time="1.438" classname="TestCialfoNew.ChangePasswordTest"/>
  <testcase name="verifyLoginWithOldpassword" time="0.972" classname="TestCialfoNew.ChangePasswordTest"/>
  <testcase name="checkPasswordChangesSucessMesssage" time="1.392" classname="TestCialfoNew.ChangePasswordTest"/>
</testsuite> <!-- TestCialfoNew.ChangePasswordTest -->
