<?xml version="1.0" encoding="UTF-8"?>
<!-- Generated by org.testng.reporters.JUnitReportReporter -->
<testsuite hostname="NIS-PC091" name="TestCialfoNew.LogInTest" tests="3" failures="0" timestamp="30 Mar 2017 14:15:05 GMT" time="7.614" errors="0">
  <testcase name="passwordErrorValidationChecks" time="0.787" classname="TestCialfoNew.LogInTest"/>
  <testcase name="emailErrorValidationChecks" time="1.051" classname="TestCialfoNew.LogInTest"/>
  <testcase name="validLogin" time="5.776" classname="TestCialfoNew.LogInTest"/>
</testsuite> <!-- TestCialfoNew.LogInTest -->
