<?xml version="1.0" encoding="UTF-8"?>
<!-- Generated by org.testng.reporters.JUnitReportReporter -->
<testsuite hostname="NIS-PC093" name="TestCialfoNew.MyTest" tests="1" failures="0" timestamp="18 Aug 2017 15:15:36 GMT" time="3.516" errors="0">
  <testcase name="hdhd" time="3.516" classname="TestCialfoNew.MyTest"/>
</testsuite> <!-- TestCialfoNew.MyTest -->
