<?xml version="1.0" encoding="UTF-8"?>
<!-- Generated by org.testng.reporters.JUnitReportReporter -->
<testsuite name="TestCialfoNew.MyTest" tests="1" time="7.308" ignored="0" failures="0" timestamp="19 Aug 2017 10:54:44 GMT" skipped="0" hostname="LAPTOP-V26TDURT" errors="0">
  <testcase name="vvvv" time="7.308" classname="TestCialfoNew.MyTest"/>
</testsuite> <!-- TestCialfoNew.MyTest -->
