<?xml version="1.0" encoding="UTF-8"?>
<!-- Generated by org.testng.reporters.JUnitReportReporter -->
<testsuite hostname="NIS-PC091" name="TestCialfoNew.ChangePasswordTest" tests="4" failures="0" timestamp="25 Apr 2017 12:24:00 GMT" time="5.039" errors="0">
  <testcase name="verigyLoginWithNewPassword" time="1.001" classname="TestCialfoNew.ChangePasswordTest"/>
  <testcase name="newandConfirmPasswordvaldiation" time="1.472" classname="TestCialfoNew.ChangePasswordTest"/>
  <testcase name="verifyLoginWithOldpassword" time="1.135" classname="TestCialfoNew.ChangePasswordTest"/>
  <testcase name="checkPasswordChangesSucessMesssage" time="1.431" classname="TestCialfoNew.ChangePasswordTest"/>
</testsuite> <!-- TestCialfoNew.ChangePasswordTest -->
