<?xml version="1.0" encoding="UTF-8"?>
<!-- Generated by org.testng.reporters.JUnitReportReporter -->
<testsuite hostname="NIS-PC091" name="TestCialfoNew.MyTest" tests="1" failures="0" timestamp="28 Apr 2017 10:33:06 GMT" time="1.409" errors="0">
  <testcase name="checkCoach" time="1.409" classname="TestCialfoNew.MyTest"/>
</testsuite> <!-- TestCialfoNew.MyTest -->
