<?xml version="1.0" encoding="UTF-8"?>
<!-- Generated by org.testng.reporters.JUnitReportReporter -->
<testsuite name="TestCialfoNew.MessageTest" tests="1" time="28.292" ignored="0" failures="0" timestamp="09 Dec 2017 06:37:19 GMT" skipped="0" hostname="LAPTOP-V26TDURT" errors="0">
  <testcase name="sendMeesageToAllCoachesGourpabdAllMembersGroup" time="28.292" classname="TestCialfoNew.MessageTest"/>
</testsuite> <!-- TestCialfoNew.MessageTest -->
