<?xml version="1.0" encoding="UTF-8"?>
<!-- Generated by org.testng.reporters.JUnitReportReporter -->
<testsuite hostname="NIS-PC091" name="TestCialfoNew.CoachesTest" tests="1" failures="0" timestamp="28 Apr 2017 10:16:23 GMT" time="1.365" errors="0">
  <testcase name="checkSwimmerAddedOrnot" time="1.365" classname="TestCialfoNew.CoachesTest"/>
</testsuite> <!-- TestCialfoNew.CoachesTest -->
