<?xml version="1.0" encoding="UTF-8"?>
<!-- Generated by org.testng.reporters.JUnitReportReporter -->
<testsuite hostname="NIS-PC091" name="TestCialfoNew.SwimmersTest" tests="1" failures="0" timestamp="3 May 2017 11:45:57 GMT" time="6.658" errors="0">
  <testcase name="checkCoachIsmatchingOrNot" time="6.658" classname="TestCialfoNew.SwimmersTest"/>
</testsuite> <!-- TestCialfoNew.SwimmersTest -->
