<?xml version="1.0" encoding="UTF-8"?>
<!-- Generated by org.testng.reporters.JUnitReportReporter -->
<testsuite hostname="NIS-PC091" name="TestCialfoNew.MyTest" tests="1" failures="0" timestamp="22 May 2017 13:50:00 GMT" time="64.532" errors="0">
  <testcase name="testt" time="64.532" classname="TestCialfoNew.MyTest"/>
</testsuite> <!-- TestCialfoNew.MyTest -->
